<?xml version="1.0" encoding="UTF-8"?>
<!-- Generated by org.testng.reporters.JUnitXMLReporter -->
<testsuite hostname="TESTER-WS14-PC" name="Create a PlanSetup" tests="5" failures="0" timestamp="21 Oct 2019 09:41:48 GMT" time="38.492" errors="0">
  <testcase name="loginDemo" time="5.684" classname="test.Testcreate_Plan_Setup"/>
  <testcase name="Clientlink" time="3.641" classname="test.Testcreate_Plan_Setup"/>
  <testcase name="ESScompany" time="12.639" classname="test.Testcreate_Plan_Setup"/>
  <testcase name="EligibilityandEnrollment" time="1.645" classname="test.Testcreate_Plan_Setup"/>
  <testcase name="CreatePlanSetup" time="4.454" classname="test.Testcreate_Plan_Setup"/>
</testsuite> <!-- Create a PlanSetup -->
