<?xml version="1.0" encoding="UTF-8"?>
<!-- Generated by org.testng.reporters.JUnitXMLReporter -->
<testsuite hostname="TESTER-WS14-PC" name="Test" tests="5" failures="0" timestamp="21 Oct 2019 09:51:12 GMT" time="33.831" errors="0">
  <testcase name="loginDemo" time="5.527" classname="test.Testcreate_Plan_Setup"/>
  <testcase name="Clientlink" time="2.193" classname="test.Testcreate_Plan_Setup"/>
  <testcase name="ESScompany" time="9.006" classname="test.Testcreate_Plan_Setup"/>
  <testcase name="EligibilityandEnrollment" time="1.103" classname="test.Testcreate_Plan_Setup"/>
  <testcase name="CreatePlanSetup" time="3.661" classname="test.Testcreate_Plan_Setup"/>
</testsuite> <!-- Test -->
